<?xml version="1.0" encoding="UTF-8"?>
<testng-results ignored="0" total="1" passed="1" failed="0" skipped="0">
  <reporter-output>
  </reporter-output>
  <suite started-at="2022-08-02T17:24:36 IST" name="Default suite" finished-at="2022-08-02T17:24:36 IST" duration-ms="26">
    <groups>
    </groups>
    <test started-at="2022-08-02T17:24:36 IST" name="Default test" finished-at="2022-08-02T17:24:36 IST" duration-ms="26">
      <class name="testNGPractice.Practice1">
        <test-method signature="method1()[pri:0, instance:testNGPractice.Practice1@49049a04]" started-at="2022-08-02T17:24:36 IST" name="method1" finished-at="2022-08-02T17:24:36 IST" duration-ms="4" status="PASS">
          <reporter-output>
          </reporter-output>
        </test-method> <!-- method1 -->
      </class> <!-- testNGPractice.Practice1 -->
    </test> <!-- Default test -->
  </suite> <!-- Default suite -->
</testng-results>
